# JRE version: OpenJDK Runtime Environment Temurin-21.0.9+10 (21.0.9+10) (build 21.0.9+10-LTS)
# Java VM: OpenJDK 64-Bit Server VM Temurin-21.0.9+10 (21.0.9+10-LTS, mixed mode, sharing, tiered, compressed oops, compressed class ptrs, parallel gc, windows-amd64)
GC Precious Log:
 CardTable entry size: 512
 CPUs: 12 total, 12 available
 Memory: 7863M
 Large Page Support: Disabled
 NUMA Support: Disabled
 Compressed Oops: Enabled (32-bit)
 Alignments: Space 512K, Generation 512K, Heap 2M
 Heap Min Capacity: 100M
 Heap Initial Capacity: 100M
 Heap Max Capacity: 2G
 Pre-touch: Disabled
 Parallel Workers: 10
Heap:
 PSYoungGen      total 3072K, used 982K [0x00000000d5580000, 0x00000000d5a00000, 0x0000000100000000)
  eden space 2560K, 29% used [0x00000000d5580000,0x00000000d563dac0,0x00000000d5800000)
  from space 512K, 43% used [0x00000000d5980000,0x00000000d59b8000,0x00000000d5a00000)
  to   space 1024K, 0% used [0x00000000d5800000,0x00000000d5800000,0x00000000d5900000)
 ParOldGen       total 535040K, used 534586K [0x0000000080000000, 0x00000000a0a80000, 0x00000000d5580000)
  object space 535040K, 99% used [0x0000000080000000,0x00000000a0a0ebc0,0x00000000a0a80000)
 Metaspace       used 72878K, committed 74432K, reserved 1179648K
  class space    used 7676K, committed 8320K, reserved 1048576K
GC Heap History (20 events):
Event: 4802.092 GC heap before
{Heap before GC invocations=280 (full 3):
 PSYoungGen      total 6144K, used 5704K [0x00000000d5580000, 0x00000000d5f80000, 0x0000000100000000)
  eden space 3072K, 100% used [0x00000000d5580000,0x00000000d5880000,0x00000000d5880000)
  from space 3072K, 85% used [0x00000000d5c80000,0x00000000d5f12000,0x00000000d5f80000)
  to   space 3072K, 0% used [0x00000000d5980000,0x00000000d5980000,0x00000000d5c80000)
 ParOldGen       total 486912K, used 486599K [0x0000000080000000, 0x000000009db80000, 0x00000000d5580000)
  object space 486912K, 99% used [0x0000000080000000,0x000000009db31de0,0x000000009db80000)
 Metaspace       used 72830K, committed 74304K, reserved 1179648K
  class space    used 7676K, committed 8320K, reserved 1048576K
}
Event: 4802.096 GC heap after
{Heap after GC invocations=280 (full 3):
 PSYoungGen      total 7168K, used 2820K [0x00000000d5580000, 0x00000000d5f80000, 0x0000000100000000)
  eden space 4096K, 0% used [0x00000000d5580000,0x00000000d5580000,0x00000000d5980000)
  from space 3072K, 91% used [0x00000000d5980000,0x00000000d5c41330,0x00000000d5c80000)
  to   space 3072K, 0% used [0x00000000d5c80000,0x00000000d5c80000,0x00000000d5f80000)
 ParOldGen       total 489472K, used 489095K [0x0000000080000000, 0x000000009de00000, 0x00000000d5580000)
  object space 489472K, 99% used [0x0000000080000000,0x000000009dda1de0,0x000000009de00000)
 Metaspace       used 72830K, committed 74304K, reserved 1179648K
  class space    used 7676K, committed 8320K, reserved 1048576K
}
Event: 4802.107 GC heap before
{Heap before GC invocations=281 (full 3):
 PSYoungGen      total 7168K, used 6916K [0x00000000d5580000, 0x00000000d5f80000, 0x0000000100000000)
  eden space 4096K, 100% used [0x00000000d5580000,0x00000000d5980000,0x00000000d5980000)
  from space 3072K, 91% used [0x00000000d5980000,0x00000000d5c41330,0x00000000d5c80000)
  to   space 3072K, 0% used [0x00000000d5c80000,0x00000000d5c80000,0x00000000d5f80000)
 ParOldGen       total 489472K, used 489095K [0x0000000080000000, 0x000000009de00000, 0x00000000d5580000)
  object space 489472K, 99% used [0x0000000080000000,0x000000009dda1de0,0x000000009de00000)
 Metaspace       used 72830K, committed 74304K, reserved 1179648K
  class space    used 7676K, committed 8320K, reserved 1048576K
}
Event: 4802.112 GC heap after
{Heap after GC invocations=281 (full 3):
 PSYoungGen      total 3584K, used 3072K [0x00000000d5580000, 0x00000000d6980000, 0x0000000100000000)
  eden space 512K, 0% used [0x00000000d5580000,0x00000000d5580000,0x00000000d5600000)
  from space 3072K, 100% used [0x00000000d5c80000,0x00000000d5f80000,0x00000000d5f80000)
  to   space 6656K, 0% used [0x00000000d5600000,0x00000000d5600000,0x00000000d5c80000)
 ParOldGen       total 493056K, used 492732K [0x0000000080000000, 0x000000009e180000, 0x00000000d5580000)
  object space 493056K, 99% used [0x0000000080000000,0x000000009e12f110,0x000000009e180000)
 Metaspace       used 72830K, committed 74304K, reserved 1179648K
  class space    used 7676K, committed 8320K, reserved 1048576K
}
Event: 4802.113 GC heap before
{Heap before GC invocations=282 (full 3):
 PSYoungGen      total 3584K, used 3584K [0x00000000d5580000, 0x00000000d6980000, 0x0000000100000000)
  eden space 512K, 100% used [0x00000000d5580000,0x00000000d5600000,0x00000000d5600000)
  from space 3072K, 100% used [0x00000000d5c80000,0x00000000d5f80000,0x00000000d5f80000)
  to   space 6656K, 0% used [0x00000000d5600000,0x00000000d5600000,0x00000000d5c80000)
 ParOldGen       total 493056K, used 492732K [0x0000000080000000, 0x000000009e180000, 0x00000000d5580000)
  object space 493056K, 99% used [0x0000000080000000,0x000000009e12f110,0x000000009e180000)
 Metaspace       used 72830K, committed 74304K, reserved 1179648K
  class space    used 7676K, committed 8320K, reserved 1048576K
}
Event: 4802.116 GC heap after
{Heap after GC invocations=282 (full 3):
 PSYoungGen      total 1024K, used 480K [0x00000000d5580000, 0x00000000d5d00000, 0x0000000100000000)
  eden space 512K, 0% used [0x00000000d5580000,0x00000000d5580000,0x00000000d5600000)
  from space 512K, 93% used [0x00000000d5600000,0x00000000d5678000,0x00000000d5680000)
  to   space 3072K, 0% used [0x00000000d5a00000,0x00000000d5a00000,0x00000000d5d00000)
 ParOldGen       total 496128K, used 495852K [0x0000000080000000, 0x000000009e480000, 0x00000000d5580000)
  object space 496128K, 99% used [0x0000000080000000,0x000000009e43b110,0x000000009e480000)
 Metaspace       used 72830K, committed 74304K, reserved 1179648K
  class space    used 7676K, committed 8320K, reserved 1048576K
}
Event: 4802.117 GC heap before
{Heap before GC invocations=283 (full 3):
 PSYoungGen      total 1024K, used 991K [0x00000000d5580000, 0x00000000d5d00000, 0x0000000100000000)
  eden space 512K, 99% used [0x00000000d5580000,0x00000000d55fffc8,0x00000000d5600000)
  from space 512K, 93% used [0x00000000d5600000,0x00000000d5678000,0x00000000d5680000)
  to   space 3072K, 0% used [0x00000000d5a00000,0x00000000d5a00000,0x00000000d5d00000)
 ParOldGen       total 496128K, used 495852K [0x0000000080000000, 0x000000009e480000, 0x00000000d5580000)
  object space 496128K, 99% used [0x0000000080000000,0x000000009e43b110,0x000000009e480000)
 Metaspace       used 72830K, committed 74304K, reserved 1179648K
  class space    used 7676K, committed 8320K, reserved 1048576K
}
Event: 4802.121 GC heap after
{Heap after GC invocations=283 (full 3):
 PSYoungGen      total 1536K, used 480K [0x00000000d5580000, 0x00000000d5a80000, 0x0000000100000000)
  eden space 1024K, 0% used [0x00000000d5580000,0x00000000d5580000,0x00000000d5680000)
  from space 512K, 93% used [0x00000000d5a00000,0x00000000d5a78000,0x00000000d5a80000)
  to   space 1024K, 0% used [0x00000000d5880000,0x00000000d5880000,0x00000000d5980000)
 ParOldGen       total 496640K, used 496204K [0x0000000080000000, 0x000000009e500000, 0x00000000d5580000)
  object space 496640K, 99% used [0x0000000080000000,0x000000009e493120,0x000000009e500000)
 Metaspace       used 72830K, committed 74304K, reserved 1179648K
  class space    used 7676K, committed 8320K, reserved 1048576K
}
Event: 4802.124 GC heap before
{Heap before GC invocations=284 (full 3):
 PSYoungGen      total 1536K, used 1461K [0x00000000d5580000, 0x00000000d5a80000, 0x0000000100000000)
  eden space 1024K, 95% used [0x00000000d5580000,0x00000000d5675570,0x00000000d5680000)
  from space 512K, 93% used [0x00000000d5a00000,0x00000000d5a78000,0x00000000d5a80000)
  to   space 1024K, 0% used [0x00000000d5880000,0x00000000d5880000,0x00000000d5980000)
 ParOldGen       total 496640K, used 496204K [0x0000000080000000, 0x000000009e500000, 0x00000000d5580000)
  object space 496640K, 99% used [0x0000000080000000,0x000000009e493120,0x000000009e500000)
 Metaspace       used 72830K, committed 74304K, reserved 1179648K
  class space    used 7676K, committed 8320K, reserved 1048576K
}
Event: 4802.126 GC heap after
{Heap after GC invocations=284 (full 3):
 PSYoungGen      total 2560K, used 974K [0x00000000d5580000, 0x00000000d5a80000, 0x0000000100000000)
  eden space 1536K, 0% used [0x00000000d5580000,0x00000000d5580000,0x00000000d5700000)
  from space 1024K, 95% used [0x00000000d5880000,0x00000000d5973bb8,0x00000000d5980000)
  to   space 1024K, 0% used [0x00000000d5980000,0x00000000d5980000,0x00000000d5a80000)
 ParOldGen       total 496640K, used 496580K [0x0000000080000000, 0x000000009e500000, 0x00000000d5580000)
  object space 496640K, 99% used [0x0000000080000000,0x000000009e4f1130,0x000000009e500000)
 Metaspace       used 72830K, committed 74304K, reserved 1179648K
  class space    used 7676K, committed 8320K, reserved 1048576K
}
Event: 4802.128 GC heap before
{Heap before GC invocations=285 (full 3):
 PSYoungGen      total 2560K, used 2365K [0x00000000d5580000, 0x00000000d5a80000, 0x0000000100000000)
  eden space 1536K, 90% used [0x00000000d5580000,0x00000000d56db9a8,0x00000000d5700000)
  from space 1024K, 95% used [0x00000000d5880000,0x00000000d5973bb8,0x00000000d5980000)
  to   space 1024K, 0% used [0x00000000d5980000,0x00000000d5980000,0x00000000d5a80000)
 ParOldGen       total 496640K, used 496580K [0x0000000080000000, 0x000000009e500000, 0x00000000d5580000)
  object space 496640K, 99% used [0x0000000080000000,0x000000009e4f1130,0x000000009e500000)
 Metaspace       used 72830K, committed 74304K, reserved 1179648K
  class space    used 7676K, committed 8320K, reserved 1048576K
}
Event: 4802.131 GC heap after
{Heap after GC invocations=285 (full 3):
 PSYoungGen      total 2560K, used 1009K [0x00000000d5580000, 0x00000000d5c80000, 0x0000000100000000)
  eden space 1536K, 0% used [0x00000000d5580000,0x00000000d5580000,0x00000000d5700000)
  from space 1024K, 98% used [0x00000000d5980000,0x00000000d5a7c6e8,0x00000000d5a80000)
  to   space 2560K, 0% used [0x00000000d5700000,0x00000000d5700000,0x00000000d5980000)
 ParOldGen       total 498176K, used 497750K [0x0000000080000000, 0x000000009e680000, 0x00000000d5580000)
  object space 498176K, 99% used [0x0000000080000000,0x000000009e615ae8,0x000000009e680000)
 Metaspace       used 72830K, committed 74304K, reserved 1179648K
  class space    used 7676K, committed 8320K, reserved 1048576K
}
Event: 4802.137 GC heap before
{Heap before GC invocations=286 (full 3):
 PSYoungGen      total 2560K, used 2545K [0x00000000d5580000, 0x00000000d5c80000, 0x0000000100000000)
  eden space 1536K, 100% used [0x00000000d5580000,0x00000000d5700000,0x00000000d5700000)
  from space 1024K, 98% used [0x00000000d5980000,0x00000000d5a7c6e8,0x00000000d5a80000)
  to   space 2560K, 0% used [0x00000000d5700000,0x00000000d5700000,0x00000000d5980000)
 ParOldGen       total 499200K, used 498650K [0x0000000080000000, 0x000000009e780000, 0x00000000d5580000)
  object space 499200K, 99% used [0x0000000080000000,0x000000009e6f6848,0x000000009e780000)
 Metaspace       used 72830K, committed 74304K, reserved 1179648K
  class space    used 7676K, committed 8320K, reserved 1048576K
}
Event: 4802.140 GC heap after
{Heap after GC invocations=286 (full 3):
 PSYoungGen      total 4096K, used 1647K [0x00000000d5580000, 0x00000000d5b80000, 0x0000000100000000)
  eden space 1536K, 0% used [0x00000000d5580000,0x00000000d5580000,0x00000000d5700000)
  from space 2560K, 64% used [0x00000000d5700000,0x00000000d589bf90,0x00000000d5980000)
  to   space 2048K, 0% used [0x00000000d5980000,0x00000000d5980000,0x00000000d5b80000)
 ParOldGen       total 499712K, used 499570K [0x0000000080000000, 0x000000009e800000, 0x00000000d5580000)
  object space 499712K, 99% used [0x0000000080000000,0x000000009e7dcae8,0x000000009e800000)
 Metaspace       used 72830K, committed 74304K, reserved 1179648K
  class space    used 7676K, committed 8320K, reserved 1048576K
}
Event: 4802.143 GC heap before
{Heap before GC invocations=287 (full 3):
 PSYoungGen      total 4096K, used 3183K [0x00000000d5580000, 0x00000000d5b80000, 0x0000000100000000)
  eden space 1536K, 100% used [0x00000000d5580000,0x00000000d5700000,0x00000000d5700000)
  from space 2560K, 64% used [0x00000000d5700000,0x00000000d589bf90,0x00000000d5980000)
  to   space 2048K, 0% used [0x00000000d5980000,0x00000000d5980000,0x00000000d5b80000)
 ParOldGen       total 499712K, used 499570K [0x0000000080000000, 0x000000009e800000, 0x00000000d5580000)
  object space 499712K, 99% used [0x0000000080000000,0x000000009e7dcae8,0x000000009e800000)
 Metaspace       used 72830K, committed 74304K, reserved 1179648K
  class space    used 7676K, committed 8320K, reserved 1048576K
}
Event: 4802.146 GC heap after
{Heap after GC invocations=287 (full 3):
 PSYoungGen      total 4096K, used 1729K [0x00000000d5580000, 0x00000000d5b80000, 0x0000000100000000)
  eden space 2048K, 0% used [0x00000000d5580000,0x00000000d5580000,0x00000000d5780000)
  from space 2048K, 84% used [0x00000000d5980000,0x00000000d5b30560,0x00000000d5b80000)
  to   space 2048K, 0% used [0x00000000d5780000,0x00000000d5780000,0x00000000d5980000)
 ParOldGen       total 501248K, used 501110K [0x0000000080000000, 0x000000009e980000, 0x00000000d5580000)
  object space 501248K, 99% used [0x0000000080000000,0x000000009e95db80,0x000000009e980000)
 Metaspace       used 72830K, committed 74304K, reserved 1179648K
  class space    used 7676K, committed 8320K, reserved 1048576K
}
Event: 4802.166 GC heap before
{Heap before GC invocations=288 (full 3):
 PSYoungGen      total 4096K, used 3777K [0x00000000d5580000, 0x00000000d5b80000, 0x0000000100000000)
  eden space 2048K, 100% used [0x00000000d5580000,0x00000000d5780000,0x00000000d5780000)
  from space 2048K, 84% used [0x00000000d5980000,0x00000000d5b30560,0x00000000d5b80000)
  to   space 2048K, 0% used [0x00000000d5780000,0x00000000d5780000,0x00000000d5980000)
 ParOldGen       total 501248K, used 501110K [0x0000000080000000, 0x000000009e980000, 0x00000000d5580000)
  object space 501248K, 99% used [0x0000000080000000,0x000000009e95db80,0x000000009e980000)
 Metaspace       used 72839K, committed 74304K, reserved 1179648K
  class space    used 7676K, committed 8320K, reserved 1048576K
}
Event: 4802.171 GC heap after
{Heap after GC invocations=288 (full 3):
 PSYoungGen      total 4096K, used 992K [0x00000000d5580000, 0x00000000d5b00000, 0x0000000100000000)
  eden space 2048K, 0% used [0x00000000d5580000,0x00000000d5580000,0x00000000d5780000)
  from space 2048K, 48% used [0x00000000d5780000,0x00000000d5878000,0x00000000d5980000)
  to   space 1536K, 0% used [0x00000000d5980000,0x00000000d5980000,0x00000000d5b00000)
 ParOldGen       total 503296K, used 503102K [0x0000000080000000, 0x000000009eb80000, 0x00000000d5580000)
  object space 503296K, 99% used [0x0000000080000000,0x000000009eb4fb80,0x000000009eb80000)
 Metaspace       used 72839K, committed 74304K, reserved 1179648K
  class space    used 7676K, committed 8320K, reserved 1048576K
}
Event: 4802.228 GC heap before
{Heap before GC invocations=289 (full 3):
 PSYoungGen      total 4096K, used 3040K [0x00000000d5580000, 0x00000000d5b00000, 0x0000000100000000)
  eden space 2048K, 100% used [0x00000000d5580000,0x00000000d5780000,0x00000000d5780000)
  from space 2048K, 48% used [0x00000000d5780000,0x00000000d5878000,0x00000000d5980000)
  to   space 1536K, 0% used [0x00000000d5980000,0x00000000d5980000,0x00000000d5b00000)
 ParOldGen       total 535040K, used 533822K [0x0000000080000000, 0x00000000a0a80000, 0x00000000d5580000)
  object space 535040K, 99% used [0x0000000080000000,0x00000000a094fbb0,0x00000000a0a80000)
 Metaspace       used 72877K, committed 74432K, reserved 1179648K
  class space    used 7676K, committed 8320K, reserved 1048576K
}
Event: 4802.231 GC heap after
{Heap after GC invocations=289 (full 3):
 PSYoungGen      total 3072K, used 224K [0x00000000d5580000, 0x00000000d5a00000, 0x0000000100000000)
  eden space 2560K, 0% used [0x00000000d5580000,0x00000000d5580000,0x00000000d5800000)
  from space 512K, 43% used [0x00000000d5980000,0x00000000d59b8000,0x00000000d5a00000)
  to   space 1024K, 0% used [0x00000000d5800000,0x00000000d5800000,0x00000000d5900000)
 ParOldGen       total 535040K, used 534586K [0x0000000080000000, 0x00000000a0a80000, 0x00000000d5580000)
  object space 535040K, 99% used [0x0000000080000000,0x00000000a0a0ebc0,0x00000000a0a80000)
 Metaspace       used 72877K, committed 74432K, reserved 1179648K
  class space    used 7676K, committed 8320K, reserved 1048576K
}

