# JRE version: Java(TM) SE Runtime Environment (17.0.12+8) (build 17.0.12+8-LTS-286)
# Java VM: Java HotSpot(TM) 64-Bit Server VM (17.0.12+8-LTS-286, mixed mode, emulated-client, sharing, tiered, compressed oops, compressed class ptrs, g1 gc, windows-amd64)
GC Precious Log:
 CPUs: 12 total, 12 available
 Memory: 7863M
 Large Page Support: Disabled
 NUMA Support: Disabled
 Compressed Oops: Enabled (32-bit)
 Heap Region Size: 1M
 Heap Min Capacity: 8M
 Heap Initial Capacity: 124M
 Heap Max Capacity: 1966M
 Pre-touch: Disabled
 Parallel Workers: 10
 Concurrent Workers: 3
 Concurrent Refinement Workers: 10
 Periodic GC: Disabled
Heap:
 garbage-first heap   total 86016K, used 50220K [0x0000000085200000, 0x0000000100000000)
  region size 1024K, 22 young (22528K), 5 survivors (5120K)
 Metaspace       used 77183K, committed 77888K, reserved 1179648K
  class space    used 11340K, committed 11648K, reserved 1048576K
GC Heap History (20 events):
Event: 571.729 GC heap before
{Heap before GC invocations=25 (full 3):
 garbage-first heap   total 77824K, used 57006K [0x0000000085200000, 0x0000000100000000)
  region size 1024K, 32 young (32768K), 3 survivors (3072K)
 Metaspace       used 75722K, committed 76288K, reserved 1114112K
  class space    used 11155K, committed 11392K, reserved 1048576K
}
Event: 571.736 GC heap after
{Heap after GC invocations=26 (full 3):
 garbage-first heap   total 94208K, used 30380K [0x0000000085200000, 0x0000000100000000)
  region size 1024K, 3 young (3072K), 3 survivors (3072K)
 Metaspace       used 75722K, committed 76288K, reserved 1114112K
  class space    used 11155K, committed 11392K, reserved 1048576K
}
Event: 640.771 GC heap before
{Heap before GC invocations=26 (full 3):
 garbage-first heap   total 94208K, used 36524K [0x0000000085200000, 0x0000000100000000)
  region size 1024K, 10 young (10240K), 3 survivors (3072K)
 Metaspace       used 75726K, committed 76288K, reserved 1114112K
  class space    used 11156K, committed 11392K, reserved 1048576K
}
Event: 640.798 GC heap after
{Heap after GC invocations=27 (full 4):
 garbage-first heap   total 92160K, used 25668K [0x0000000085200000, 0x0000000100000000)
  region size 1024K, 0 young (0K), 0 survivors (0K)
 Metaspace       used 75720K, committed 76288K, reserved 1114112K
  class space    used 11155K, committed 11392K, reserved 1048576K
}
Event: 641.033 GC heap before
{Heap before GC invocations=27 (full 4):
 garbage-first heap   total 92160K, used 67652K [0x0000000085200000, 0x0000000100000000)
  region size 1024K, 42 young (43008K), 0 survivors (0K)
 Metaspace       used 75790K, committed 76352K, reserved 1114112K
  class space    used 11169K, committed 11392K, reserved 1048576K
}
Event: 641.035 GC heap after
{Heap after GC invocations=28 (full 4):
 garbage-first heap   total 92160K, used 29956K [0x0000000085200000, 0x0000000100000000)
  region size 1024K, 5 young (5120K), 5 survivors (5120K)
 Metaspace       used 75790K, committed 76352K, reserved 1114112K
  class space    used 11169K, committed 11392K, reserved 1048576K
}
Event: 993.789 GC heap before
{Heap before GC invocations=28 (full 4):
 garbage-first heap   total 92160K, used 68868K [0x0000000085200000, 0x0000000100000000)
  region size 1024K, 43 young (44032K), 5 survivors (5120K)
 Metaspace       used 76063K, committed 76672K, reserved 1114112K
  class space    used 11195K, committed 11456K, reserved 1048576K
}
Event: 993.902 GC heap after
{Heap after GC invocations=29 (full 4):
 garbage-first heap   total 92160K, used 31124K [0x0000000085200000, 0x0000000100000000)
  region size 1024K, 3 young (3072K), 3 survivors (3072K)
 Metaspace       used 76063K, committed 76672K, reserved 1114112K
  class space    used 11195K, committed 11456K, reserved 1048576K
}
Event: 1044.428 GC heap before
{Heap before GC invocations=29 (full 4):
 garbage-first heap   total 92160K, used 34196K [0x0000000085200000, 0x0000000100000000)
  region size 1024K, 7 young (7168K), 3 survivors (3072K)
 Metaspace       used 76066K, committed 76672K, reserved 1114112K
  class space    used 11195K, committed 11456K, reserved 1048576K
}
Event: 1044.793 GC heap after
{Heap after GC invocations=30 (full 5):
 garbage-first heap   total 86016K, used 23490K [0x0000000085200000, 0x0000000100000000)
  region size 1024K, 0 young (0K), 0 survivors (0K)
 Metaspace       used 76033K, committed 76672K, reserved 1114112K
  class space    used 11189K, committed 11456K, reserved 1048576K
}
Event: 1046.155 GC heap before
{Heap before GC invocations=30 (full 5):
 garbage-first heap   total 86016K, used 63426K [0x0000000085200000, 0x0000000100000000)
  region size 1024K, 40 young (40960K), 0 survivors (0K)
 Metaspace       used 76163K, committed 76800K, reserved 1114112K
  class space    used 11214K, committed 11520K, reserved 1048576K
}
Event: 1046.166 GC heap after
{Heap after GC invocations=31 (full 5):
 garbage-first heap   total 86016K, used 28819K [0x0000000085200000, 0x0000000100000000)
  region size 1024K, 5 young (5120K), 5 survivors (5120K)
 Metaspace       used 76163K, committed 76800K, reserved 1114112K
  class space    used 11214K, committed 11520K, reserved 1048576K
}
Event: 1054.534 GC heap before
{Heap before GC invocations=31 (full 5):
 garbage-first heap   total 86016K, used 55443K [0x0000000085200000, 0x0000000100000000)
  region size 1024K, 32 young (32768K), 5 survivors (5120K)
 Metaspace       used 76412K, committed 77056K, reserved 1114112K
  class space    used 11232K, committed 11520K, reserved 1048576K
}
Event: 1054.572 GC heap after
{Heap after GC invocations=32 (full 6):
 garbage-first heap   total 86016K, used 25644K [0x0000000085200000, 0x0000000100000000)
  region size 1024K, 0 young (0K), 0 survivors (0K)
 Metaspace       used 76402K, committed 77056K, reserved 1114112K
  class space    used 11230K, committed 11520K, reserved 1048576K
}
Event: 1054.798 GC heap before
{Heap before GC invocations=32 (full 6):
 garbage-first heap   total 86016K, used 61484K [0x0000000085200000, 0x0000000100000000)
  region size 1024K, 36 young (36864K), 0 survivors (0K)
 Metaspace       used 76449K, committed 77120K, reserved 1179648K
  class space    used 11238K, committed 11520K, reserved 1048576K
}
Event: 1054.801 GC heap after
{Heap after GC invocations=33 (full 6):
 garbage-first heap   total 86016K, used 29426K [0x0000000085200000, 0x0000000100000000)
  region size 1024K, 4 young (4096K), 4 survivors (4096K)
 Metaspace       used 76449K, committed 77120K, reserved 1179648K
  class space    used 11238K, committed 11520K, reserved 1048576K
}
Event: 1082.316 GC heap before
{Heap before GC invocations=33 (full 6):
 garbage-first heap   total 86016K, used 63218K [0x0000000085200000, 0x0000000100000000)
  region size 1024K, 37 young (37888K), 4 survivors (4096K)
 Metaspace       used 76755K, committed 77440K, reserved 1179648K
  class space    used 11285K, committed 11584K, reserved 1048576K
}
Event: 1082.324 GC heap after
{Heap after GC invocations=34 (full 6):
 garbage-first heap   total 86016K, used 30792K [0x0000000085200000, 0x0000000100000000)
  region size 1024K, 3 young (3072K), 3 survivors (3072K)
 Metaspace       used 76755K, committed 77440K, reserved 1179648K
  class space    used 11285K, committed 11584K, reserved 1048576K
}
Event: 1082.553 GC heap before
{Heap before GC invocations=34 (full 6):
 garbage-first heap   total 86016K, used 62536K [0x0000000085200000, 0x0000000100000000)
  region size 1024K, 35 young (35840K), 3 survivors (3072K)
 Metaspace       used 77022K, committed 77760K, reserved 1179648K
  class space    used 11319K, committed 11648K, reserved 1048576K
}
Event: 1082.556 GC heap after
{Heap after GC invocations=35 (full 6):
 garbage-first heap   total 86016K, used 33836K [0x0000000085200000, 0x0000000100000000)
  region size 1024K, 5 young (5120K), 5 survivors (5120K)
 Metaspace       used 77022K, committed 77760K, reserved 1179648K
  class space    used 11319K, committed 11648K, reserved 1048576K
}

